These datas were tattooed into target data: 

0 0xea 0d234
1 0x05 0d005
2 0x63 0d099
3 0x79 0d121
4 0x3b 0d059
5 0x1d 0d029
6 0xbd 0d189
7 0x0c 0d012
8 0x58 0d088
9 0x43 0d067


----------------- Displaying Data -----------------
 Hex Target	Tattooed Target
0x6f 0b01101111 0b01101110
0x4e 0b01001110 0b01001111
0xa2 0b10100010 0b10100011
0x33 0b00110011 0b00110010
0x93 0b10010011 0b10010010
0x8e 0b10001110 0b10001111
0xf3 0b11110011 0b11110010
0x6e 0b01101110 0b01101111
---------------------------------------------------
Tattooed byte:  0b01100101 ASCII: e

 Hex Target	Tattooed Target
0x18 0b00011000 0b00011000
0x0c 0b00001100 0b00001101
0xf8 0b11111000 0b11111001
0x01 0b00000001 0b00000000
0xbf 0b10111111 0b10111110
0x09 0b00001001 0b00001000
0x12 0b00010010 0b00010010
0x5b 0b01011011 0b01011011
---------------------------------------------------
Tattooed byte:  0b01100001 ASCII: a

 Hex Target	Tattooed Target
0x31 0b00110001 0b00110000
0xe2 0b11100010 0b11100010
0x23 0b00100011 0b00100011
0x8b 0b10001011 0b10001011
0xfc 0b11111100 0b11111100
0xd9 0b11011001 0b11011000
0x88 0b10001000 0b10001000
0x4f 0b01001111 0b01001110
---------------------------------------------------
Tattooed byte:  0b00110000 ASCII: 0

 Hex Target	Tattooed Target
0xb3 0b10110011 0b10110010
0x10 0b00010000 0b00010000
0xee 0b11101110 0b11101111
0x32 0b00110010 0b00110011
0x89 0b10001001 0b10001000
0xc1 0b11000001 0b11000001
0xfa 0b11111010 0b11111010
0xf8 0b11111000 0b11111001
---------------------------------------------------
Tattooed byte:  0b00110101 ASCII: 5

 Hex Target	Tattooed Target
0x0f 0b00001111 0b00001110
0x9c 0b10011100 0b10011100
0x2b 0b00101011 0b00101011
0xa3 0b10100011 0b10100011
0x2b 0b00101011 0b00101010
0x1e 0b00011110 0b00011111
0x11 0b00010001 0b00010001
0x43 0b01000011 0b01000010
---------------------------------------------------
Tattooed byte:  0b00110110 ASCII: 6

 Hex Target	Tattooed Target
0x2a 0b00101010 0b00101010
0x0a 0b00001010 0b00001010
0x44 0b01000100 0b01000101
0xea 0b11101010 0b11101011
0x13 0b00010011 0b00010010
0x56 0b01010110 0b01010110
0x45 0b01000101 0b01000101
0x45 0b01000101 0b01000101
---------------------------------------------------
Tattooed byte:  0b00110011 ASCII: 3

 Hex Target	Tattooed Target
0x39 0b00111001 0b00111000
0x68 0b01101000 0b01101000
0xd0 0b11010000 0b11010001
0x35 0b00110101 0b00110101
0x41 0b01000001 0b01000000
0x58 0b01011000 0b01011001
0x84 0b10000100 0b10000101
0xf5 0b11110101 0b11110101
---------------------------------------------------
Tattooed byte:  0b00110111 ASCII: 7

 Hex Target	Tattooed Target
0x69 0b01101001 0b01101000
0x73 0b01110011 0b01110010
0x27 0b00100111 0b00100111
0xf2 0b11110010 0b11110011
0x34 0b00110100 0b00110101
0x22 0b00100010 0b00100010
0xea 0b11101010 0b11101010
0x43 0b01000011 0b01000011
---------------------------------------------------
Tattooed byte:  0b00111001 ASCII: 9

 Hex Target	Tattooed Target
0xbe 0b10111110 0b10111110
0x15 0b00010101 0b00010100
0xe6 0b11100110 0b11100111
0xe9 0b11101001 0b11101001
0x33 0b00110011 0b00110010
0xf8 0b11111000 0b11111000
0x2c 0b00101100 0b00101101
0x5d 0b01011101 0b01011101
---------------------------------------------------
Tattooed byte:  0b00110011 ASCII: 3

 Hex Target	Tattooed Target
0x02 0b00000010 0b00000010
0x70 0b01110000 0b01110001
0x47 0b01000111 0b01000111
0x15 0b00010101 0b00010100
0xc7 0b11000111 0b11000110
0x8d 0b10001101 0b10001100
0x5a 0b01011010 0b01011011
0x00 0b00000000 0b00000000
---------------------------------------------------
Tattooed byte:  0b01100010 ASCII: b

 Hex Target	Tattooed Target
0xf5 0b11110101 0b11110100
0x2a 0b00101010 0b00101010
0x35 0b00110101 0b00110101
0x37 0b00110111 0b00110111
0x83 0b10000011 0b10000010
0xba 0b10111010 0b10111010
0x2c 0b00101100 0b00101100
0xec 0b11101100 0b11101101
---------------------------------------------------
Tattooed byte:  0b00110001 ASCII: 1

 Hex Target	Tattooed Target
0x2d 0b00101101 0b00101100
0x53 0b01010011 0b01010011
0xde 0b11011110 0b11011111
0x61 0b01100001 0b01100000
0x75 0b01110101 0b01110100
0xc8 0b11001000 0b11001001
0xa4 0b10100100 0b10100100
0x34 0b00110100 0b00110100
---------------------------------------------------
Tattooed byte:  0b01100100 ASCII: d

 Hex Target	Tattooed Target
0xdd 0b11011101 0b11011100
0x8b 0b10001011 0b10001011
0x1d 0b00011101 0b00011101
0x10 0b00010000 0b00010000
0x83 0b10000011 0b10000010
0x4a 0b01001010 0b01001010
0x6d 0b01101101 0b01101101
0x85 0b10000101 0b10000100
---------------------------------------------------
Tattooed byte:  0b01100010 ASCII: b

 Hex Target	Tattooed Target
0xba 0b10111010 0b10111010
0xb5 0b10110101 0b10110101
0x9a 0b10011010 0b10011011
0x81 0b10000001 0b10000000
0x42 0b01000010 0b01000010
0xf5 0b11110101 0b11110101
0x81 0b10000001 0b10000000
0x37 0b00110111 0b00110110
---------------------------------------------------
Tattooed byte:  0b01100100 ASCII: d

 Hex Target	Tattooed Target
0x1f 0b00011111 0b00011110
0xb7 0b10110111 0b10110110
0x6e 0b01101110 0b01101111
0xa2 0b10100010 0b10100011
0x71 0b01110001 0b01110000
0x9a 0b10011010 0b10011010
0x8e 0b10001110 0b10001110
0x9e 0b10011110 0b10011110
---------------------------------------------------
Tattooed byte:  0b00110000 ASCII: 0

 Hex Target	Tattooed Target
0xee 0b11101110 0b11101110
0x6c 0b01101100 0b01101101
0xff 0b11111111 0b11111111
0x63 0b01100011 0b01100010
0x34 0b00110100 0b00110100
0xa3 0b10100011 0b10100010
0x97 0b10010111 0b10010111
0x11 0b00010001 0b00010001
---------------------------------------------------
Tattooed byte:  0b01100011 ASCII: c

 Hex Target	Tattooed Target
0x2e 0b00101110 0b00101110
0xb5 0b10110101 0b10110100
0x21 0b00100001 0b00100001
0xb1 0b10110001 0b10110001
0xff 0b11111111 0b11111110
0x8f 0b10001111 0b10001111
0x36 0b00110110 0b00110110
0xb9 0b10111001 0b10111001
---------------------------------------------------
Tattooed byte:  0b00110101 ASCII: 5

 Hex Target	Tattooed Target
0x44 0b01000100 0b01000100
0xd1 0b11010001 0b11010000
0x3b 0b00111011 0b00111011
0x86 0b10000110 0b10000111
0xc6 0b11000110 0b11000111
0xbc 0b10111100 0b10111100
0xbd 0b10111101 0b10111100
0xe5 0b11100101 0b11100100
---------------------------------------------------
Tattooed byte:  0b00111000 ASCII: 8

 Hex Target	Tattooed Target
0x73 0b01110011 0b01110010
0x2c 0b00101100 0b00101100
0x88 0b10001000 0b10001001
0xe4 0b11100100 0b11100101
0xc6 0b11000110 0b11000110
0x16 0b00010110 0b00010111
0x82 0b10000010 0b10000010
0xb4 0b10110100 0b10110100
---------------------------------------------------
Tattooed byte:  0b00110100 ASCII: 4

 Hex Target	Tattooed Target
0x83 0b10000011 0b10000010
0x81 0b10000001 0b10000000
0x18 0b00011000 0b00011001
0xb7 0b10110111 0b10110111
0x25 0b00100101 0b00100100
0xaf 0b10101111 0b10101110
0xc9 0b11001001 0b11001001
0x53 0b01010011 0b01010011
---------------------------------------------------
Tattooed byte:  0b00110011 ASCII: 3

Max change in target data was: 1
Min change in target data was: 0

These datas were read from tattooed target data: 

0 0xea 0d234
1 0x05 0d005
2 0x63 0d099
3 0x79 0d121
4 0x3b 0d059
5 0x1d 0d029
6 0xbd 0d189
7 0x0c 0d012
8 0x58 0d088
9 0x43 0d067
